0 info it worked if it ends with ok
1 verbose cli [ 'C:\\Program Files\\nodejs\\node.exe',
1 verbose cli   'C:\\Program Files\\nodejs\\node_modules\\npm\\bin\\npm-cli.js',
1 verbose cli   'run',
1 verbose cli   'start-aot' ]
2 info using npm@3.3.12
3 info using node@v5.5.0
4 verbose run-script [ 'prestart-aot', 'start-aot', 'poststart-aot' ]
5 info lifecycle angular2-tour-of-heroes@0.1.0~prestart-aot: angular2-tour-of-heroes@0.1.0
6 silly lifecycle angular2-tour-of-heroes@0.1.0~prestart-aot: no script for prestart-aot, continuing
7 info lifecycle angular2-tour-of-heroes@0.1.0~start-aot: angular2-tour-of-heroes@0.1.0
8 verbose lifecycle angular2-tour-of-heroes@0.1.0~start-aot: unsafe-perm in lifecycle true
9 verbose lifecycle angular2-tour-of-heroes@0.1.0~start-aot: PATH: C:\Program Files\nodejs\node_modules\npm\bin\node-gyp-bin;E:\www\html\!!dw\dw02\node_modules\.bin;C:\ProgramData\Oracle\Java\javapath;C:\Program Files (x86)\Intel\iCLS Client\;C:\Program Files\Intel\iCLS Client\;C:\Windows\system32;C:\Windows;C:\Windows\System32\Wbem;C:\Windows\System32\WindowsPowerShell\v1.0\;C:\Program Files (x86)\NVIDIA Corporation\PhysX\Common;C:\Program Files (x86)\Intel\Intel(R) Management Engine Components\DAL;C:\Program Files\Intel\Intel(R) Management Engine Components\DAL;C:\Program Files (x86)\Intel\Intel(R) Management Engine Components\IPT;C:\Program Files\Intel\Intel(R) Management Engine Components\IPT;C:\Program Files\Intel\WiFi\bin\;C:\Program Files\Common Files\Intel\WirelessCommon\;C:\WINDOWS\system32;C:\WINDOWS;C:\WINDOWS\System32\Wbem;C:\WINDOWS\System32\WindowsPowerShell\v1.0\;C:\Program Files (x86)\Common Files\Acronis\VirtualFile\;C:\Program Files (x86)\Common Files\Acronis\VirtualFile64\;C:\Program Files (x86)\Common Files\Acronis\SnapAPI\;C:\ProgramData\chocolatey\bin;C:\Program Files\nodejs\;C:\Program Files\Git\cmd;C:\Program Files\Java\jre1.8.0_71\bin;C:\xampp\xamp56\php;E:\www\www-tools\curl\winssl;E:\www\www-tools\composer;E:\www\www-tools\phpunit4.8;E:\www\www-tools\battest;C:\WINDOWS\system32\config\systemprofile\.dnx\bin;C:\Program Files\Microsoft DNX\Dnvm\;E:\www\www-tools\git-scripts;C:\Python27;C:\Program Files (x86)\Windows Kits\8.1\Windows Performance Toolkit\;C:\WINDOWS\system32;C:\WINDOWS;C:\WINDOWS\System32\Wbem;C:\WINDOWS\System32\WindowsPowerShell\v1.0\;C:\ProgramData\Oracle\Java\javapath;C:\Program Files (x86)\Intel\iCLS Client\;C:\Program Files\Intel\iCLS Client\;C:\Windows\system32;C:\Windows;C:\Windows\System32\Wbem;C:\Windows\System32\WindowsPowerShell\v1.0\;C:\Program Files (x86)\NVIDIA Corporation\PhysX\Common;C:\Program Files (x86)\Intel\Intel(R) Management Engine Components\DAL;C:\Program Files\Intel\Intel(R) Management Engine Components\DAL;C:\Program Files (x86)\Intel\Intel(R) Management Engine Components\IPT;C:\Program Files\Intel\Intel(R) Management Engine Components\IPT;C:\Program Files\Intel\WiFi\bin\;C:\Program Files\Common Files\Intel\WirelessCommon\;C:\WINDOWS\system32;C:\WINDOWS;C:\WINDOWS\System32\Wbem;C:\WINDOWS\System32\WindowsPowerShell\v1.0\;C:\Program Files (x86)\Common Files\Acronis\VirtualFile\;C:\Program Files (x86)\Common Files\Acronis\VirtualFile64\;C:\Program Files (x86)\Common Files\Acronis\SnapAPI\;C:\ProgramData\chocolatey\bin;C:\Program Files\nodejs\;C:\Program Files\Git\cmd;C:\Program Files\Java\jre1.8.0_71\bin;C:\Users\ratna\AppData\Local\Microsoft\WindowsApps;;c:\program files (x86)\smartgit\jre\bin
10 verbose lifecycle angular2-tour-of-heroes@0.1.0~start-aot: CWD: E:\www\html\!!dw\dw02
11 silly lifecycle angular2-tour-of-heroes@0.1.0~start-aot: Args: [ '/d /s /c',
11 silly lifecycle   'npm run aot && npm run rollup && gulp copy-aot && npm run lite' ]
12 silly lifecycle angular2-tour-of-heroes@0.1.0~start-aot: Returned: code: 1  signal: null
13 info lifecycle angular2-tour-of-heroes@0.1.0~start-aot: Failed to exec start-aot script
14 verbose stack Error: angular2-tour-of-heroes@0.1.0 start-aot: `npm run aot && npm run rollup && gulp copy-aot && npm run lite`
14 verbose stack Exit status 1
14 verbose stack     at EventEmitter.<anonymous> (C:\Program Files\nodejs\node_modules\npm\lib\utils\lifecycle.js:232:16)
14 verbose stack     at emitTwo (events.js:100:13)
14 verbose stack     at EventEmitter.emit (events.js:185:7)
14 verbose stack     at ChildProcess.<anonymous> (C:\Program Files\nodejs\node_modules\npm\lib\utils\spawn.js:24:14)
14 verbose stack     at emitTwo (events.js:100:13)
14 verbose stack     at ChildProcess.emit (events.js:185:7)
14 verbose stack     at maybeClose (internal/child_process.js:821:16)
14 verbose stack     at Process.ChildProcess._handle.onexit (internal/child_process.js:211:5)
15 verbose pkgid angular2-tour-of-heroes@0.1.0
16 verbose cwd E:\www\html\!!dw\dw02
17 error Windows_NT 10.0.14393
18 error argv "C:\\Program Files\\nodejs\\node.exe" "C:\\Program Files\\nodejs\\node_modules\\npm\\bin\\npm-cli.js" "run" "start-aot"
19 error node v5.5.0
20 error npm  v3.3.12
21 error code ELIFECYCLE
22 error angular2-tour-of-heroes@0.1.0 start-aot: `npm run aot && npm run rollup && gulp copy-aot && npm run lite`
22 error Exit status 1
23 error Failed at the angular2-tour-of-heroes@0.1.0 start-aot script 'npm run aot && npm run rollup && gulp copy-aot && npm run lite'.
23 error Make sure you have the latest version of node.js and npm installed.
23 error If you do, this is most likely a problem with the angular2-tour-of-heroes package,
23 error not with npm itself.
23 error Tell the author that this fails on your system:
23 error     npm run aot && npm run rollup && gulp copy-aot && npm run lite
23 error You can get their info via:
23 error     npm owner ls angular2-tour-of-heroes
23 error There is likely additional logging output above.
24 verbose exit [ 1, true ]
